
**** Build of configuration Debug for project FileSystem ****

Nothing to build for project FileSystem

**** Build of configuration Debug for project Job ****

Nothing to build for project Job

**** Build of configuration Debug for project Marta ****

Nothing to build for project Marta

**** Build of configuration Debug for project Nodo ****

Nothing to build for project Nodo
23:28:56 **** Build of configuration Debug for project breaking-C-library ****
make all 
Building file: ../commons/collections/dictionary.c
Invoking: GCC C Compiler
gcc -O0 -g3 -Wall -c -fmessage-length=0 -fPIC -MMD -MP -MF"commons/collections/dictionary.d" -MT"commons/collections/dictionary.d" -o "commons/collections/dictionary.o" "../commons/collections/dictionary.c"
Finished building: ../commons/collections/dictionary.c
 
Building file: ../commons/collections/list.c
Invoking: GCC C Compiler
gcc -O0 -g3 -Wall -c -fmessage-length=0 -fPIC -MMD -MP -MF"commons/collections/list.d" -MT"commons/collections/list.d" -o "commons/collections/list.o" "../commons/collections/list.c"
Finished building: ../commons/collections/list.c
 
Building file: ../commons/collections/queue.c
Invoking: GCC C Compiler
gcc -O0 -g3 -Wall -c -fmessage-length=0 -fPIC -MMD -MP -MF"commons/collections/queue.d" -MT"commons/collections/queue.d" -o "commons/collections/queue.o" "../commons/collections/queue.c"
Finished building: ../commons/collections/queue.c
 
Building file: ../commons/bitarray.c
Invoking: GCC C Compiler
gcc -O0 -g3 -Wall -c -fmessage-length=0 -fPIC -MMD -MP -MF"commons/bitarray.d" -MT"commons/bitarray.d" -o "commons/bitarray.o" "../commons/bitarray.c"
Finished building: ../commons/bitarray.c
 
Building file: ../commons/config.c
Invoking: GCC C Compiler
gcc -O0 -g3 -Wall -c -fmessage-length=0 -fPIC -MMD -MP -MF"commons/config.d" -MT"commons/config.d" -o "commons/config.o" "../commons/config.c"
Finished building: ../commons/config.c
 
Building file: ../commons/error.c
Invoking: GCC C Compiler
gcc -O0 -g3 -Wall -c -fmessage-length=0 -fPIC -MMD -MP -MF"commons/error.d" -MT"commons/error.d" -o "commons/error.o" "../commons/error.c"
Finished building: ../commons/error.c
 
Building file: ../commons/log.c
Invoking: GCC C Compiler
gcc -O0 -g3 -Wall -c -fmessage-length=0 -fPIC -MMD -MP -MF"commons/log.d" -MT"commons/log.d" -o "commons/log.o" "../commons/log.c"
Finished building: ../commons/log.c
 
Building file: ../commons/process.c
Invoking: GCC C Compiler
gcc -O0 -g3 -Wall -c -fmessage-length=0 -fPIC -MMD -MP -MF"commons/process.d" -MT"commons/process.d" -o "commons/process.o" "../commons/process.c"
Finished building: ../commons/process.c
 
Building file: ../commons/string.c
Invoking: GCC C Compiler
gcc -O0 -g3 -Wall -c -fmessage-length=0 -fPIC -MMD -MP -MF"commons/string.d" -MT"commons/string.d" -o "commons/string.o" "../commons/string.c"
Finished building: ../commons/string.c
 
Building file: ../commons/temporal.c
Invoking: GCC C Compiler
gcc -O0 -g3 -Wall -c -fmessage-length=0 -fPIC -MMD -MP -MF"commons/temporal.d" -MT"commons/temporal.d" -o "commons/temporal.o" "../commons/temporal.c"
Finished building: ../commons/temporal.c
 
Building file: ../commons/txt.c
Invoking: GCC C Compiler
gcc -O0 -g3 -Wall -c -fmessage-length=0 -fPIC -MMD -MP -MF"commons/txt.d" -MT"commons/txt.d" -o "commons/txt.o" "../commons/txt.c"
Finished building: ../commons/txt.c
 
Building target: libbreaking-C-library.so
Invoking: GCC C Linker
gcc -shared -o "libbreaking-C-library.so"  ./commons/collections/dictionary.o ./commons/collections/list.o ./commons/collections/queue.o  ./commons/bitarray.o ./commons/config.o ./commons/error.o ./commons/log.o ./commons/process.o ./commons/string.o ./commons/temporal.o ./commons/txt.o   
Finished building target: libbreaking-C-library.so
 

**** Build of configuration Debug for project FileSystem ****

Nothing to build for project FileSystem

**** Build of configuration Debug for project Job ****

Nothing to build for project Job

**** Build of configuration Debug for project Marta ****

Nothing to build for project Marta

**** Build of configuration Debug for project Nodo ****

Nothing to build for project Nodo
23:30:40 **** Incremental Build of configuration Debug for project breaking-C-library ****
make all 
make: No se hace nada para «all».

**** Build of configuration Debug for project FileSystem ****

Nothing to build for project FileSystem

**** Build of configuration Debug for project Job ****

Nothing to build for project Job

**** Build of configuration Debug for project Marta ****

Nothing to build for project Marta

**** Build of configuration Debug for project Nodo ****

Nothing to build for project Nodo
23:30:45 **** Incremental Build of configuration Debug for project breaking-C-library ****
make all 
make: No se hace nada para «all».

**** Build of configuration Debug for project FileSystem ****

Nothing to build for project FileSystem

**** Build of configuration Debug for project Job ****

Nothing to build for project Job

**** Build of configuration Debug for project Marta ****

Nothing to build for project Marta

**** Build of configuration Debug for project Nodo ****

Nothing to build for project Nodo
23:30:47 **** Incremental Build of configuration Debug for project breaking-C-library ****
make all 
make: No se hace nada para «all».

**** Build of configuration Debug for project FileSystem ****

Nothing to build for project FileSystem

**** Build of configuration Debug for project Job ****

Nothing to build for project Job

**** Build of configuration Debug for project Marta ****

Nothing to build for project Marta

**** Build of configuration Debug for project Nodo ****

Nothing to build for project Nodo
23:30:48 **** Incremental Build of configuration Debug for project breaking-C-library ****
make all 
make: No se hace nada para «all».

**** Build of configuration Debug for project FileSystem ****

Nothing to build for project FileSystem

**** Build of configuration Debug for project Job ****

Nothing to build for project Job

**** Build of configuration Debug for project Marta ****

Nothing to build for project Marta

**** Build of configuration Debug for project Nodo ****

Nothing to build for project Nodo
23:31:02 **** Incremental Build of configuration Debug for project breaking-C-library ****
make all 
make: No se hace nada para «all».

**** Build of configuration Debug for project FileSystem ****

Nothing to build for project FileSystem

**** Build of configuration Debug for project Job ****

Nothing to build for project Job

**** Build of configuration Debug for project Marta ****

Nothing to build for project Marta

**** Build of configuration Debug for project Nodo ****

Nothing to build for project Nodo
23:31:07 **** Incremental Build of configuration Debug for project breaking-C-library ****
make all 
make: No se hace nada para «all».
